2025-02-28 11:44:07,207 - INFO - Proje baþlatýldý
2025-02-28 11:44:07,208 - ERROR - Veri yüklenirken hata: [Errno 2] No such file or directory: 'data/dataset.csv'
2025-02-28 11:44:07,209 - ERROR - Projede hata oluþtu: [Errno 2] No such file or directory: 'data/dataset.csv'
2025-02-28 11:45:09,761 - INFO - Proje baþlatýldý
2025-02-28 11:45:09,763 - ERROR - Veri yüklenirken hata: [Errno 2] No such file or directory: 'data/dataset.csv'
2025-02-28 11:45:09,764 - ERROR - Projede hata oluþtu: [Errno 2] No such file or directory: 'data/dataset.csv'
2025-02-28 11:45:25,243 - INFO - Proje baþlatýldý
2025-02-28 11:45:25,614 - INFO - Veri baþarýyla yüklendi. Boyut: (852585, 9)
2025-02-28 11:45:25,615 - INFO - Temel istatistikler hesaplanýyor...
2025-02-28 11:45:58,043 - ERROR - Projede hata oluþtu: [Errno 2] No such file or directory: 'outputs\\20250228_114525\\eda\\dist_Packets\\Time.png'
2025-02-28 11:48:38,581 - INFO - Proje baþlatýldý
2025-02-28 11:48:38,939 - INFO - Veri baþarýyla yüklendi. Boyut: (852585, 9)
2025-02-28 11:48:38,940 - INFO - Temel istatistikler hesaplanýyor...
2025-02-28 11:49:15,189 - INFO - EDA sonuçlarý outputs\20250228_114838\eda dizinine kaydedildi
2025-02-28 11:49:15,696 - INFO - Veri öniþleme tamamlandý
2025-02-28 11:49:15,833 - INFO - Veri eðitim, doðrulama ve test setlerine bölündü
2025-02-28 11:49:15,836 - INFO - xgboost modeli eðitiliyor...
2025-02-28 11:49:15,837 - ERROR - Model sýnýfý yüklenirken hata: No module named 'xgboost'
2025-02-28 11:49:15,838 - ERROR - Projede hata oluþtu: No module named 'xgboost'
2025-02-28 11:52:51,949 - INFO - Proje baþlatýldý
2025-02-28 11:52:52,269 - INFO - Veri baþarýyla yüklendi. Boyut: (852585, 9)
2025-02-28 11:52:52,270 - INFO - Temel istatistikler hesaplanýyor...
2025-02-28 11:53:28,437 - INFO - EDA sonuçlarý outputs\20250228_115251\eda dizinine kaydedildi
2025-02-28 11:53:28,987 - INFO - Veri öniþleme tamamlandý
2025-02-28 11:53:29,133 - INFO - Veri eðitim, doðrulama ve test setlerine bölündü
2025-02-28 11:53:29,137 - INFO - xgboost modeli eðitiliyor...
2025-02-28 11:53:34,128 - ERROR - Projede hata oluþtu: 
All the 10 fits failed.
It is very likely that your model is misconfigured.
You can try to debug the error by setting error_score='raise'.

Below are more details about the failures:
--------------------------------------------------------------------------------
10 fits failed with the following error:
Traceback (most recent call last):
  File "c:\Users\Hp\AppData\Local\Programs\Python\Python313\Lib\site-packages\sklearn\model_selection\_validation.py", line 866, in _fit_and_score
    estimator.fit(X_train, y_train, **fit_params)
    ~~~~~~~~~~~~~^^^^^^^^^^^^^^^^^^^^^^^^^^^^^^^^
  File "c:\Users\Hp\AppData\Local\Programs\Python\Python313\Lib\site-packages\xgboost\core.py", line 726, in inner_f
    return func(**kwargs)
  File "c:\Users\Hp\AppData\Local\Programs\Python\Python313\Lib\site-packages\xgboost\sklearn.py", line 1559, in fit
    raise ValueError(
    ...<2 lines>...
    )
ValueError: Invalid classes inferred from unique values of `y`.  Expected: [0 1], got [-0.93511243  1.06939013]

2025-02-28 11:54:20,262 - INFO - Proje baþlatýldý
2025-02-28 11:54:20,616 - INFO - Veri baþarýyla yüklendi. Boyut: (852585, 9)
2025-02-28 11:54:20,617 - INFO - Temel istatistikler hesaplanýyor...
2025-02-28 11:54:56,856 - INFO - EDA sonuçlarý outputs\20250228_115420\eda dizinine kaydedildi
2025-02-28 11:54:57,351 - INFO - Veri öniþleme tamamlandý
2025-02-28 11:54:57,487 - INFO - Veri eðitim, doðrulama ve test setlerine bölündü
2025-02-28 11:54:57,491 - INFO - xgboost modeli eðitiliyor...
2025-02-28 11:55:05,291 - INFO - xgboost için en iyi parametreler: {'colsample_bytree': 0.8, 'learning_rate': 0.1, 'max_depth': 5, 'n_estimators': 100, 'subsample': 0.8}
2025-02-28 11:55:05,293 - INFO - lightgbm modeli eðitiliyor...
2025-02-28 11:55:09,280 - INFO - lightgbm için en iyi parametreler: {'feature_fraction': 0.8, 'learning_rate': 0.1, 'max_depth': 5, 'n_estimators': 100, 'num_leaves': 31}
2025-02-28 11:55:09,281 - INFO - random_forest modeli eðitiliyor...
2025-02-28 11:55:25,419 - INFO - random_forest için en iyi parametreler: {'max_depth': 10, 'max_features': 'sqrt', 'min_samples_leaf': 1, 'min_samples_split': 2, 'n_estimators': 100}
2025-02-28 11:55:25,420 - INFO - svr modeli eðitiliyor...
2025-02-28 11:56:28,956 - ERROR - Projede hata oluþtu: [WinError 1450] Ýstenen hizmeti tamamlamak için yeterli sistem kaynaðý yok
2025-02-28 11:58:57,006 - INFO - Proje baþlatýldý
2025-02-28 11:58:57,338 - INFO - Veri baþarýyla yüklendi. Boyut: (852585, 9)
2025-02-28 11:58:57,339 - INFO - Temel istatistikler hesaplanýyor...
2025-02-28 11:59:34,296 - INFO - EDA sonuçlarý outputs\20250228_115857\eda dizinine kaydedildi
2025-02-28 11:59:34,815 - INFO - Veri öniþleme tamamlandý
2025-02-28 11:59:34,980 - INFO - Veri eðitim, doðrulama ve test setlerine bölündü
2025-02-28 11:59:34,984 - INFO - xgboost modeli eðitiliyor...
2025-02-28 12:04:57,496 - INFO - xgboost için en iyi parametreler: {'colsample_bytree': 1.0, 'learning_rate': 0.3, 'max_depth': 3, 'n_estimators': 100, 'subsample': 1.0}
2025-02-28 12:04:57,500 - INFO - lightgbm modeli eðitiliyor...
2025-02-28 12:17:01,687 - INFO - lightgbm için en iyi parametreler: {'feature_fraction': 0.8, 'learning_rate': 0.3, 'max_depth': 3, 'n_estimators': 300, 'num_leaves': 63}
2025-02-28 12:17:01,722 - INFO - random_forest modeli eðitiliyor...
2025-02-28 12:25:42,294 - INFO - random_forest için en iyi parametreler: {'max_depth': 10, 'max_features': 'log2', 'min_samples_leaf': 1, 'min_samples_split': 2, 'n_estimators': 100}
2025-02-28 12:25:42,297 - INFO - neural_net modeli eðitiliyor...
2025-02-28 12:27:20,565 - INFO - neural_net için en iyi parametreler: {'activation': 'tanh', 'alpha': 0.001, 'hidden_layer_sizes': 50, 'learning_rate_init': 0.01}
2025-02-28 12:27:20,566 - INFO - stacking modeli eðitiliyor...
2025-02-28 12:27:20,571 - ERROR - Projede hata oluþtu: StackingRegressor.__init__() missing 1 required positional argument: 'estimators'
